[0.745s] Invoking command in '/home/robot/axioma_robot/axioma_node': CONDA_PROMPT_MODIFIER=(base) PYTHONPATH=/home/robot/axioma_robot/install/axioma_node/lib/python3.8/site-packages:${PYTHONPATH} /usr/bin/python3 setup.py egg_info --egg-base ../build/axioma_node build --build-base /home/robot/axioma_robot/build/axioma_node/build install --prefix /home/robot/axioma_robot/install/axioma_node --record /home/robot/axioma_robot/build/axioma_node/install.log --single-version-externally-managed
[1.024s] running egg_info
[1.025s] creating ../build/axioma_node/axioma_node.egg-info
[1.025s] writing ../build/axioma_node/axioma_node.egg-info/PKG-INFO
[1.025s] writing dependency_links to ../build/axioma_node/axioma_node.egg-info/dependency_links.txt
[1.025s] writing entry points to ../build/axioma_node/axioma_node.egg-info/entry_points.txt
[1.026s] writing requirements to ../build/axioma_node/axioma_node.egg-info/requires.txt
[1.026s] writing top-level names to ../build/axioma_node/axioma_node.egg-info/top_level.txt
[1.028s] writing manifest file '../build/axioma_node/axioma_node.egg-info/SOURCES.txt'
[1.060s] reading manifest file '../build/axioma_node/axioma_node.egg-info/SOURCES.txt'
[1.061s] writing manifest file '../build/axioma_node/axioma_node.egg-info/SOURCES.txt'
[1.061s] running build
[1.061s] running build_py
[1.061s] creating /home/robot/axioma_robot/build/axioma_node/build
[1.062s] creating /home/robot/axioma_robot/build/axioma_node/build/lib
[1.062s] creating /home/robot/axioma_robot/build/axioma_node/build/lib/axioma_node
[1.062s] copying axioma_node/axioma_node.py -> /home/robot/axioma_robot/build/axioma_node/build/lib/axioma_node
[1.062s] copying axioma_node/__init__.py -> /home/robot/axioma_robot/build/axioma_node/build/lib/axioma_node
[1.062s] copying axioma_node/prueba_axioma.py -> /home/robot/axioma_robot/build/axioma_node/build/lib/axioma_node
[1.062s] running install
[1.062s] running install_lib
[1.063s] creating /home/robot/axioma_robot/install/axioma_node/lib/python3.8/site-packages/axioma_node
[1.063s] copying /home/robot/axioma_robot/build/axioma_node/build/lib/axioma_node/axioma_node.py -> /home/robot/axioma_robot/install/axioma_node/lib/python3.8/site-packages/axioma_node
[1.064s] copying /home/robot/axioma_robot/build/axioma_node/build/lib/axioma_node/__init__.py -> /home/robot/axioma_robot/install/axioma_node/lib/python3.8/site-packages/axioma_node
[1.064s] copying /home/robot/axioma_robot/build/axioma_node/build/lib/axioma_node/prueba_axioma.py -> /home/robot/axioma_robot/install/axioma_node/lib/python3.8/site-packages/axioma_node
[1.064s] byte-compiling /home/robot/axioma_robot/install/axioma_node/lib/python3.8/site-packages/axioma_node/axioma_node.py to axioma_node.cpython-38.pyc
[1.066s] byte-compiling /home/robot/axioma_robot/install/axioma_node/lib/python3.8/site-packages/axioma_node/__init__.py to __init__.cpython-38.pyc
[1.066s] byte-compiling /home/robot/axioma_robot/install/axioma_node/lib/python3.8/site-packages/axioma_node/prueba_axioma.py to prueba_axioma.cpython-38.pyc
[1.066s] running install_data
[1.067s] creating /home/robot/axioma_robot/install/axioma_node/share/ament_index
[1.067s] creating /home/robot/axioma_robot/install/axioma_node/share/ament_index/resource_index
[1.067s] creating /home/robot/axioma_robot/install/axioma_node/share/ament_index/resource_index/packages
[1.067s] copying resource/axioma_node -> /home/robot/axioma_robot/install/axioma_node/share/ament_index/resource_index/packages
[1.067s] copying package.xml -> /home/robot/axioma_robot/install/axioma_node/share/axioma_node
[1.068s] running install_egg_info
[1.069s] Copying ../build/axioma_node/axioma_node.egg-info to /home/robot/axioma_robot/install/axioma_node/lib/python3.8/site-packages/axioma_node-0.0.1-py3.8.egg-info
[1.069s] running install_scripts
[1.085s] Installing axioma_node script to /home/robot/axioma_robot/install/axioma_node/lib/axioma_node
[1.085s] writing list of installed files to '/home/robot/axioma_robot/build/axioma_node/install.log'
[1.106s] Invoked command in '/home/robot/axioma_robot/axioma_node' returned '0': CONDA_PROMPT_MODIFIER=(base) PYTHONPATH=/home/robot/axioma_robot/install/axioma_node/lib/python3.8/site-packages:${PYTHONPATH} /usr/bin/python3 setup.py egg_info --egg-base ../build/axioma_node build --build-base /home/robot/axioma_robot/build/axioma_node/build install --prefix /home/robot/axioma_robot/install/axioma_node --record /home/robot/axioma_robot/build/axioma_node/install.log --single-version-externally-managed
